Arguments: 
  C:\Program Files\nodejs\node.exe C:\Users\Square\AppData\Roaming\npm\node_modules\yarn\bin\yarn.js install

PATH: 
  C:\Users\Square\bin;C:\Program Files\Git\mingw64\bin;C:\Program Files\Git\usr\local\bin;C:\Program Files\Git\usr\bin;C:\Program Files\Git\usr\bin;C:\Program Files\Git\mingw64\bin;C:\Program Files\Git\usr\bin;C:\Users\Square\bin;C:\WINDOWS\system32;C:\WINDOWS;C:\WINDOWS\System32\Wbem;C:\WINDOWS\System32\WindowsPowerShell\v1.0;C:\WINDOWS\System32\OpenSSH;C:\Program Files\nodejs;C:\Program Files\Git\cmd;C:\Program Files\Go\bin;C:\Program Files\Docker\Docker\resources\bin;C:\ProgramData\DockerDesktop\version-bin;C:\Program Files (x86)\NVIDIA Corporation\PhysX\Common;C:\Program Files\MongoDB\Server\5.0\bin;C:\Program Files\MySQL\MySQL Shell 8.0\bin;C:\Program Files\OpenSSL-Win64\bin;C:\Users\Square\AppData\Local\Programs\Microsoft VS Code\bin;C:\Users\Square\AppData\Roaming\npm;C:\Users\Square\go\bin;C:\Program Files\Git\usr\bin\vendor_perl;C:\Program Files\Git\usr\bin\core_perl

Yarn version: 
  1.22.18

Node version: 
  16.14.2

Platform: 
  win32 x64

Trace: 
  Error: https://registry.yarnpkg.com/moment/-/moment-2.29.4.tgz: ESOCKETTIMEDOUT
      at ClientRequest.<anonymous> (C:\Users\Square\AppData\Roaming\npm\node_modules\yarn\lib\cli.js:141510:19)
      at Object.onceWrapper (node:events:645:28)
      at ClientRequest.emit (node:events:526:28)
      at TLSSocket.emitRequestTimeout (node:_http_client:758:9)
      at Object.onceWrapper (node:events:645:28)
      at TLSSocket.emit (node:events:538:35)
      at TLSSocket.Socket._onTimeout (node:net:501:8)
      at listOnTimeout (node:internal/timers:559:17)
      at processTimers (node:internal/timers:502:7)

npm manifest: 
  {
      "name": "pizza_app",
      "version": "1.0.0",
      "description": "",
      "main": "index.js",
      "scripts": {
        "test": "jest",
        "dev": "nodemon index"
      },
      "keywords": [],
      "author": "",
      "license": "ISC",
      "dependencies": {
        "bcrypt": "^5.1.0",
        "dotenv": "^16.0.3",
        "express": "^4.18.1",
        "jsonwebtoken": "^8.5.1",
        "moment": "^2.29.4",
        "mongoose": "^6.6.1",
        "supertest": "^6.2.4"
      },
      "devDependencies": {
        "jest": "^29.1.1",
        "nodemon": "^2.0.20"
      }
    }

yarn manifest: 
  No manifest

Lockfile: 
  No lockfile
